<?xml version="1.0" encoding="UTF-8"?>
<testsuite xmlns:xsi="http://www.w3.org/2001/XMLSchema-instance" xsi:noNamespaceSchemaLocation="https://maven.apache.org/surefire/maven-surefire-plugin/xsd/surefire-test-report.xsd" name="org.apache.dubbo.admin.common.util.UrlUtilsTest" time="0.005" tests="1" errors="0" skipped="0" failures="0">
  <properties>
    <property name="awt.toolkit" value="sun.awt.X11.XToolkit"/>
    <property name="file.encoding.pkg" value="sun.io"/>
    <property name="java.specification.version" value="1.8"/>
    <property name="nondexStart" value="0"/>
    <property name="sun.cpu.isalist" value=""/>
    <property name="sun.jnu.encoding" value="UTF-8"/>
    <property name="java.class.path" value="/home/rootadmin/dubbo-admin/dubbo-admin-server/target/test-classes:/home/rootadmin/dubbo-admin/dubbo-admin-server/target/classes:/home/rootadmin/.m2/repository/org/springframework/boot/spring-boot-starter-web/2.3.12.RELEASE/spring-boot-starter-web-2.3.12.RELEASE.jar:/home/rootadmin/.m2/repository/org/springframework/boot/spring-boot-starter/2.3.12.RELEASE/spring-boot-starter-2.3.12.RELEASE.jar:/home/rootadmin/.m2/repository/org/springframework/boot/spring-boot/2.3.12.RELEASE/spring-boot-2.3.12.RELEASE.jar:/home/rootadmin/.m2/repository/org/springframework/boot/spring-boot-starter-logging/2.3.12.RELEASE/spring-boot-starter-logging-2.3.12.RELEASE.jar:/home/rootadmin/.m2/repository/ch/qos/logback/logback-classic/1.2.3/logback-classic-1.2.3.jar:/home/rootadmin/.m2/repository/ch/qos/logback/logback-core/1.2.3/logback-core-1.2.3.jar:/home/rootadmin/.m2/repository/org/apache/logging/log4j/log4j-to-slf4j/2.13.3/log4j-to-slf4j-2.13.3.jar:/home/rootadmin/.m2/repository/org/apache/logging/log4j/log4j-api/2.13.3/log4j-api-2.13.3.jar:/home/rootadmin/.m2/repository/org/slf4j/jul-to-slf4j/1.7.30/jul-to-slf4j-1.7.30.jar:/home/rootadmin/.m2/repository/jakarta/annotation/jakarta.annotation-api/1.3.5/jakarta.annotation-api-1.3.5.jar:/home/rootadmin/.m2/repository/org/springframework/boot/spring-boot-starter-json/2.3.12.RELEASE/spring-boot-starter-json-2.3.12.RELEASE.jar:/home/rootadmin/.m2/repository/com/fasterxml/jackson/datatype/jackson-datatype-jdk8/2.11.4/jackson-datatype-jdk8-2.11.4.jar:/home/rootadmin/.m2/repository/com/fasterxml/jackson/datatype/jackson-datatype-jsr310/2.11.4/jackson-datatype-jsr310-2.11.4.jar:/home/rootadmin/.m2/repository/com/fasterxml/jackson/module/jackson-module-parameter-names/2.11.4/jackson-module-parameter-names-2.11.4.jar:/home/rootadmin/.m2/repository/org/springframework/boot/spring-boot-starter-tomcat/2.3.12.RELEASE/spring-boot-starter-tomcat-2.3.12.RELEASE.jar:/home/rootadmin/.m2/repository/org/apache/tomcat/embed/tomcat-embed-core/9.0.46/tomcat-embed-core-9.0.46.jar:/home/rootadmin/.m2/repository/org/apache/tomcat/embed/tomcat-embed-websocket/9.0.46/tomcat-embed-websocket-9.0.46.jar:/home/rootadmin/.m2/repository/org/springframework/spring-web/5.2.15.RELEASE/spring-web-5.2.15.RELEASE.jar:/home/rootadmin/.m2/repository/org/springframework/spring-beans/5.2.15.RELEASE/spring-beans-5.2.15.RELEASE.jar:/home/rootadmin/.m2/repository/org/springframework/spring-webmvc/5.2.15.RELEASE/spring-webmvc-5.2.15.RELEASE.jar:/home/rootadmin/.m2/repository/org/springframework/spring-aop/5.2.15.RELEASE/spring-aop-5.2.15.RELEASE.jar:/home/rootadmin/.m2/repository/org/springframework/spring-expression/5.2.15.RELEASE/spring-expression-5.2.15.RELEASE.jar:/home/rootadmin/.m2/repository/org/springframework/boot/spring-boot-starter-validation/2.3.12.RELEASE/spring-boot-starter-validation-2.3.12.RELEASE.jar:/home/rootadmin/.m2/repository/org/glassfish/jakarta.el/3.0.3/jakarta.el-3.0.3.jar:/home/rootadmin/.m2/repository/org/hibernate/validator/hibernate-validator/6.1.7.Final/hibernate-validator-6.1.7.Final.jar:/home/rootadmin/.m2/repository/jakarta/validation/jakarta.validation-api/2.0.2/jakarta.validation-api-2.0.2.jar:/home/rootadmin/.m2/repository/org/jboss/logging/jboss-logging/3.4.2.Final/jboss-logging-3.4.2.Final.jar:/home/rootadmin/.m2/repository/org/springframework/boot/spring-boot-starter-data-jpa/2.3.12.RELEASE/spring-boot-starter-data-jpa-2.3.12.RELEASE.jar:/home/rootadmin/.m2/repository/org/springframework/boot/spring-boot-starter-aop/2.3.12.RELEASE/spring-boot-starter-aop-2.3.12.RELEASE.jar:/home/rootadmin/.m2/repository/org/aspectj/aspectjweaver/1.9.6/aspectjweaver-1.9.6.jar:/home/rootadmin/.m2/repository/org/springframework/boot/spring-boot-starter-jdbc/2.3.12.RELEASE/spring-boot-starter-jdbc-2.3.12.RELEASE.jar:/home/rootadmin/.m2/repository/com/zaxxer/HikariCP/3.4.5/HikariCP-3.4.5.jar:/home/rootadmin/.m2/repository/org/springframework/spring-jdbc/5.2.15.RELEASE/spring-jdbc-5.2.15.RELEASE.jar:/home/rootadmin/.m2/repository/jakarta/transaction/jakarta.transaction-api/1.3.3/jakarta.transaction-api-1.3.3.jar:/home/rootadmin/.m2/repository/jakarta/persistence/jakarta.persistence-api/2.2.3/jakarta.persistence-api-2.2.3.jar:/home/rootadmin/.m2/repository/org/springframework/data/spring-data-jpa/2.3.9.RELEASE/spring-data-jpa-2.3.9.RELEASE.jar:/home/rootadmin/.m2/repository/org/springframework/data/spring-data-commons/2.3.9.RELEASE/spring-data-commons-2.3.9.RELEASE.jar:/home/rootadmin/.m2/repository/org/springframework/spring-orm/5.2.15.RELEASE/spring-orm-5.2.15.RELEASE.jar:/home/rootadmin/.m2/repository/org/springframework/spring-tx/5.2.15.RELEASE/spring-tx-5.2.15.RELEASE.jar:/home/rootadmin/.m2/repository/org/springframework/spring-aspects/5.2.15.RELEASE/spring-aspects-5.2.15.RELEASE.jar:/home/rootadmin/.m2/repository/org/springframework/boot/spring-boot-starter-test/2.3.12.RELEASE/spring-boot-starter-test-2.3.12.RELEASE.jar:/home/rootadmin/.m2/repository/org/springframework/boot/spring-boot-test/2.3.12.RELEASE/spring-boot-test-2.3.12.RELEASE.jar:/home/rootadmin/.m2/repository/org/springframework/boot/spring-boot-test-autoconfigure/2.3.12.RELEASE/spring-boot-test-autoconfigure-2.3.12.RELEASE.jar:/home/rootadmin/.m2/repository/com/jayway/jsonpath/json-path/2.4.0/json-path-2.4.0.jar:/home/rootadmin/.m2/repository/net/minidev/json-smart/2.3.1/json-smart-2.3.1.jar:/home/rootadmin/.m2/repository/net/minidev/accessors-smart/2.3.1/accessors-smart-2.3.1.jar:/home/rootadmin/.m2/repository/org/ow2/asm/asm/5.0.4/asm-5.0.4.jar:/home/rootadmin/.m2/repository/jakarta/xml/bind/jakarta.xml.bind-api/2.3.3/jakarta.xml.bind-api-2.3.3.jar:/home/rootadmin/.m2/repository/jakarta/activation/jakarta.activation-api/1.2.2/jakarta.activation-api-1.2.2.jar:/home/rootadmin/.m2/repository/org/assertj/assertj-core/3.16.1/assertj-core-3.16.1.jar:/home/rootadmin/.m2/repository/org/hamcrest/hamcrest/2.2/hamcrest-2.2.jar:/home/rootadmin/.m2/repository/org/junit/jupiter/junit-jupiter/5.6.3/junit-jupiter-5.6.3.jar:/home/rootadmin/.m2/repository/org/junit/jupiter/junit-jupiter-api/5.6.3/junit-jupiter-api-5.6.3.jar:/home/rootadmin/.m2/repository/org/opentest4j/opentest4j/1.2.0/opentest4j-1.2.0.jar:/home/rootadmin/.m2/repository/org/junit/platform/junit-platform-commons/1.6.3/junit-platform-commons-1.6.3.jar:/home/rootadmin/.m2/repository/org/junit/jupiter/junit-jupiter-params/5.6.3/junit-jupiter-params-5.6.3.jar:/home/rootadmin/.m2/repository/org/junit/jupiter/junit-jupiter-engine/5.6.3/junit-jupiter-engine-5.6.3.jar:/home/rootadmin/.m2/repository/org/junit/vintage/junit-vintage-engine/5.6.3/junit-vintage-engine-5.6.3.jar:/home/rootadmin/.m2/repository/org/apiguardian/apiguardian-api/1.1.0/apiguardian-api-1.1.0.jar:/home/rootadmin/.m2/repository/org/junit/platform/junit-platform-engine/1.6.3/junit-platform-engine-1.6.3.jar:/home/rootadmin/.m2/repository/junit/junit/4.13.2/junit-4.13.2.jar:/home/rootadmin/.m2/repository/org/mockito/mockito-junit-jupiter/3.3.3/mockito-junit-jupiter-3.3.3.jar:/home/rootadmin/.m2/repository/org/skyscreamer/jsonassert/1.5.0/jsonassert-1.5.0.jar:/home/rootadmin/.m2/repository/com/vaadin/external/google/android-json/0.0.20131108.vaadin1/android-json-0.0.20131108.vaadin1.jar:/home/rootadmin/.m2/repository/org/springframework/spring-core/5.2.15.RELEASE/spring-core-5.2.15.RELEASE.jar:/home/rootadmin/.m2/repository/org/springframework/spring-jcl/5.2.15.RELEASE/spring-jcl-5.2.15.RELEASE.jar:/home/rootadmin/.m2/repository/org/springframework/spring-test/5.2.15.RELEASE/spring-test-5.2.15.RELEASE.jar:/home/rootadmin/.m2/repository/org/xmlunit/xmlunit-core/2.7.0/xmlunit-core-2.7.0.jar:/home/rootadmin/.m2/repository/org/apache/commons/commons-lang3/3.10/commons-lang3-3.10.jar:/home/rootadmin/.m2/repository/redis/clients/jedis/3.3.0/jedis-3.3.0.jar:/home/rootadmin/.m2/repository/org/slf4j/slf4j-api/1.7.30/slf4j-api-1.7.30.jar:/home/rootadmin/.m2/repository/org/apache/commons/commons-pool2/2.8.1/commons-pool2-2.8.1.jar:/home/rootadmin/.m2/repository/com/ctrip/framework/apollo/apollo-openapi/1.2.0/apollo-openapi-1.2.0.jar:/home/rootadmin/.m2/repository/com/ctrip/framework/apollo/apollo-core/1.2.0/apollo-core-1.2.0.jar:/home/rootadmin/.m2/repository/org/apache/httpcomponents/httpclient/4.5.13/httpclient-4.5.13.jar:/home/rootadmin/.m2/repository/org/slf4j/jcl-over-slf4j/1.7.30/jcl-over-slf4j-1.7.30.jar:/home/rootadmin/.m2/repository/com/alibaba/nacos/nacos-client/2.0.2/nacos-client-2.0.2.jar:/home/rootadmin/.m2/repository/commons-codec/commons-codec/1.14/commons-codec-1.14.jar:/home/rootadmin/.m2/repository/com/fasterxml/jackson/core/jackson-core/2.11.4/jackson-core-2.11.4.jar:/home/rootadmin/.m2/repository/com/fasterxml/jackson/core/jackson-databind/2.11.4/jackson-databind-2.11.4.jar:/home/rootadmin/.m2/repository/com/fasterxml/jackson/core/jackson-annotations/2.11.4/jackson-annotations-2.11.4.jar:/home/rootadmin/.m2/repository/org/apache/httpcomponents/httpasyncclient/4.1.4/httpasyncclient-4.1.4.jar:/home/rootadmin/.m2/repository/org/apache/httpcomponents/httpcore-nio/4.4.14/httpcore-nio-4.4.14.jar:/home/rootadmin/.m2/repository/org/reflections/reflections/0.9.11/reflections-0.9.11.jar:/home/rootadmin/.m2/repository/io/prometheus/simpleclient/0.5.0/simpleclient-0.5.0.jar:/home/rootadmin/.m2/repository/com/google/guava/guava/20.0/guava-20.0.jar:/home/rootadmin/.m2/repository/org/yaml/snakeyaml/1.26/snakeyaml-1.26.jar:/home/rootadmin/.m2/repository/org/apache/dubbo/dubbo/3.0.2.1/dubbo-3.0.2.1.jar:/home/rootadmin/.m2/repository/org/springframework/spring-context/5.2.15.RELEASE/spring-context-5.2.15.RELEASE.jar:/home/rootadmin/.m2/repository/com/alibaba/spring/spring-context-support/1.0.8/spring-context-support-1.0.8.jar:/home/rootadmin/.m2/repository/org/javassist/javassist/3.23.1-GA/javassist-3.23.1-GA.jar:/home/rootadmin/.m2/repository/com/google/code/gson/gson/2.8.7/gson-2.8.7.jar:/home/rootadmin/.m2/repository/org/roaringbitmap/RoaringBitmap/0.9.0/RoaringBitmap-0.9.0.jar:/home/rootadmin/.m2/repository/org/roaringbitmap/shims/0.9.0/shims-0.9.0.jar:/home/rootadmin/.m2/repository/org/apache/curator/curator-framework/4.0.1/curator-framework-4.0.1.jar:/home/rootadmin/.m2/repository/org/apache/curator/curator-client/4.0.1/curator-client-4.0.1.jar:/home/rootadmin/.m2/repository/org/apache/curator/curator-recipes/4.0.1/curator-recipes-4.0.1.jar:/home/rootadmin/.m2/repository/org/apache/curator/curator-x-discovery/4.0.1/curator-x-discovery-4.0.1.jar:/home/rootadmin/.m2/repository/org/codehaus/jackson/jackson-mapper-asl/1.9.13/jackson-mapper-asl-1.9.13.jar:/home/rootadmin/.m2/repository/org/codehaus/jackson/jackson-core-asl/1.9.13/jackson-core-asl-1.9.13.jar:/home/rootadmin/.m2/repository/com/alibaba/fastjson/1.2.67/fastjson-1.2.67.jar:/home/rootadmin/.m2/repository/org/apache/curator/curator-test/2.12.0/curator-test-2.12.0.jar:/home/rootadmin/.m2/repository/com/ecwid/consul/consul-api/1.4.2/consul-api-1.4.2.jar:/home/rootadmin/.m2/repository/org/apache/httpcomponents/httpcore/4.4.14/httpcore-4.4.14.jar:/home/rootadmin/.m2/repository/com/pszymczyk/consul/embedded-consul/2.0.0/embedded-consul-2.0.0.jar:/home/rootadmin/.m2/repository/org/codehaus/groovy/groovy-all/2.4.7/groovy-all-2.4.7.jar:/home/rootadmin/.m2/repository/org/apache/ant/ant/1.9.4/ant-1.9.4.jar:/home/rootadmin/.m2/repository/org/apache/ant/ant-launcher/1.9.4/ant-launcher-1.9.4.jar:/home/rootadmin/.m2/repository/org/codehaus/groovy/modules/http-builder/http-builder/0.7.1/http-builder-0.7.1.jar:/home/rootadmin/.m2/repository/net/sf/json-lib/json-lib/2.3/json-lib-2.3-jdk15.jar:/home/rootadmin/.m2/repository/commons-beanutils/commons-beanutils/1.8.0/commons-beanutils-1.8.0.jar:/home/rootadmin/.m2/repository/commons-collections/commons-collections/3.2.1/commons-collections-3.2.1.jar:/home/rootadmin/.m2/repository/commons-lang/commons-lang/2.4/commons-lang-2.4.jar:/home/rootadmin/.m2/repository/commons-logging/commons-logging/1.2/commons-logging-1.2.jar:/home/rootadmin/.m2/repository/net/sf/ezmorph/ezmorph/1.0.6/ezmorph-1.0.6.jar:/home/rootadmin/.m2/repository/net/sourceforge/nekohtml/nekohtml/1.9.22/nekohtml-1.9.22.jar:/home/rootadmin/.m2/repository/xerces/xercesImpl/2.11.0/xercesImpl-2.11.0.jar:/home/rootadmin/.m2/repository/xml-apis/xml-apis/1.4.01/xml-apis-1.4.01.jar:/home/rootadmin/.m2/repository/xml-resolver/xml-resolver/1.2/xml-resolver-1.2.jar:/home/rootadmin/.m2/repository/io/springfox/springfox-swagger2/2.9.2/springfox-swagger2-2.9.2.jar:/home/rootadmin/.m2/repository/io/swagger/swagger-annotations/1.5.24/swagger-annotations-1.5.24.jar:/home/rootadmin/.m2/repository/io/swagger/swagger-models/1.5.20/swagger-models-1.5.20.jar:/home/rootadmin/.m2/repository/io/springfox/springfox-spi/2.9.2/springfox-spi-2.9.2.jar:/home/rootadmin/.m2/repository/io/springfox/springfox-core/2.9.2/springfox-core-2.9.2.jar:/home/rootadmin/.m2/repository/io/springfox/springfox-schema/2.9.2/springfox-schema-2.9.2.jar:/home/rootadmin/.m2/repository/io/springfox/springfox-swagger-common/2.9.2/springfox-swagger-common-2.9.2.jar:/home/rootadmin/.m2/repository/io/springfox/springfox-spring-web/2.9.2/springfox-spring-web-2.9.2.jar:/home/rootadmin/.m2/repository/com/fasterxml/classmate/1.5.1/classmate-1.5.1.jar:/home/rootadmin/.m2/repository/org/springframework/plugin/spring-plugin-core/1.2.0.RELEASE/spring-plugin-core-1.2.0.RELEASE.jar:/home/rootadmin/.m2/repository/org/springframework/plugin/spring-plugin-metadata/1.2.0.RELEASE/spring-plugin-metadata-1.2.0.RELEASE.jar:/home/rootadmin/.m2/repository/org/mapstruct/mapstruct/1.2.0.Final/mapstruct-1.2.0.Final.jar:/home/rootadmin/.m2/repository/io/springfox/springfox-swagger-ui/2.9.2/springfox-swagger-ui-2.9.2.jar:/home/rootadmin/.m2/repository/io/netty/netty-all/4.1.65.Final/netty-all-4.1.65.Final.jar:/home/rootadmin/.m2/repository/org/mockito/mockito-core/2.23.4/mockito-core-2.23.4.jar:/home/rootadmin/.m2/repository/net/bytebuddy/byte-buddy/1.10.22/byte-buddy-1.10.22.jar:/home/rootadmin/.m2/repository/net/bytebuddy/byte-buddy-agent/1.10.22/byte-buddy-agent-1.10.22.jar:/home/rootadmin/.m2/repository/org/objenesis/objenesis/2.6/objenesis-2.6.jar:/home/rootadmin/.m2/repository/org/apache/zookeeper/zookeeper/3.4.13/zookeeper-3.4.13.jar:/home/rootadmin/.m2/repository/org/slf4j/slf4j-log4j12/1.7.30/slf4j-log4j12-1.7.30.jar:/home/rootadmin/.m2/repository/log4j/log4j/1.2.16/log4j-1.2.16.jar:/home/rootadmin/.m2/repository/jline/jline/0.9.94/jline-0.9.94.jar:/home/rootadmin/.m2/repository/org/apache/yetus/audience-annotations/0.5.0/audience-annotations-0.5.0.jar:/home/rootadmin/.m2/repository/com/auth0/java-jwt/3.4.1/java-jwt-3.4.1.jar:/home/rootadmin/.m2/repository/io/jsonwebtoken/jjwt/0.6.0/jjwt-0.6.0.jar:/home/rootadmin/.m2/repository/org/apache/dubbo/extensions/dubbo-mock-api/3.0.0/dubbo-mock-api-3.0.0.jar:/home/rootadmin/.m2/repository/com/baomidou/mybatis-plus-boot-starter/3.4.2/mybatis-plus-boot-starter-3.4.2.jar:/home/rootadmin/.m2/repository/com/baomidou/mybatis-plus/3.4.2/mybatis-plus-3.4.2.jar:/home/rootadmin/.m2/repository/com/baomidou/mybatis-plus-extension/3.4.2/mybatis-plus-extension-3.4.2.jar:/home/rootadmin/.m2/repository/com/baomidou/mybatis-plus-core/3.4.2/mybatis-plus-core-3.4.2.jar:/home/rootadmin/.m2/repository/com/baomidou/mybatis-plus-annotation/3.4.2/mybatis-plus-annotation-3.4.2.jar:/home/rootadmin/.m2/repository/com/github/jsqlparser/jsqlparser/4.0/jsqlparser-4.0.jar:/home/rootadmin/.m2/repository/org/mybatis/mybatis/3.5.6/mybatis-3.5.6.jar:/home/rootadmin/.m2/repository/org/mybatis/mybatis-spring/2.0.5/mybatis-spring-2.0.5.jar:/home/rootadmin/.m2/repository/org/springframework/boot/spring-boot-autoconfigure/2.3.12.RELEASE/spring-boot-autoconfigure-2.3.12.RELEASE.jar:/home/rootadmin/.m2/repository/com/h2database/h2/1.4.200/h2-1.4.200.jar:"/>
    <property name="java.vm.vendor" value="Private Build"/>
    <property name="nondexPrintstack" value="false"/>
    <property name="sun.arch.data.model" value="64"/>
    <property name="java.vendor.url" value="http://java.oracle.com/"/>
    <property name="nondexRuns" value="5"/>
    <property name="user.timezone" value=""/>
    <property name="java.vm.specification.version" value="1.8"/>
    <property name="os.name" value="Linux"/>
    <property name="sun.java.launcher" value="SUN_STANDARD"/>
    <property name="sun.boot.library.path" value="/usr/lib/jvm/java-8-openjdk-amd64/jre/lib/amd64"/>
    <property name="nondexLogging" value="CONFIG"/>
    <property name="sun.java.command" value="/home/rootadmin/dubbo-admin/dubbo-admin-server/target/surefire/surefirebooter8946554655638437117.jar /home/rootadmin/dubbo-admin/dubbo-admin-server/target/surefire 2022-03-25T07-00-55_391-jvmRun1 surefire4479706219812902698tmp surefire_51748845447796846888tmp"/>
    <property name="surefire.test.class.path" value="/home/rootadmin/dubbo-admin/dubbo-admin-server/target/test-classes:/home/rootadmin/dubbo-admin/dubbo-admin-server/target/classes:/home/rootadmin/.m2/repository/org/springframework/boot/spring-boot-starter-web/2.3.12.RELEASE/spring-boot-starter-web-2.3.12.RELEASE.jar:/home/rootadmin/.m2/repository/org/springframework/boot/spring-boot-starter/2.3.12.RELEASE/spring-boot-starter-2.3.12.RELEASE.jar:/home/rootadmin/.m2/repository/org/springframework/boot/spring-boot/2.3.12.RELEASE/spring-boot-2.3.12.RELEASE.jar:/home/rootadmin/.m2/repository/org/springframework/boot/spring-boot-starter-logging/2.3.12.RELEASE/spring-boot-starter-logging-2.3.12.RELEASE.jar:/home/rootadmin/.m2/repository/ch/qos/logback/logback-classic/1.2.3/logback-classic-1.2.3.jar:/home/rootadmin/.m2/repository/ch/qos/logback/logback-core/1.2.3/logback-core-1.2.3.jar:/home/rootadmin/.m2/repository/org/apache/logging/log4j/log4j-to-slf4j/2.13.3/log4j-to-slf4j-2.13.3.jar:/home/rootadmin/.m2/repository/org/apache/logging/log4j/log4j-api/2.13.3/log4j-api-2.13.3.jar:/home/rootadmin/.m2/repository/org/slf4j/jul-to-slf4j/1.7.30/jul-to-slf4j-1.7.30.jar:/home/rootadmin/.m2/repository/jakarta/annotation/jakarta.annotation-api/1.3.5/jakarta.annotation-api-1.3.5.jar:/home/rootadmin/.m2/repository/org/springframework/boot/spring-boot-starter-json/2.3.12.RELEASE/spring-boot-starter-json-2.3.12.RELEASE.jar:/home/rootadmin/.m2/repository/com/fasterxml/jackson/datatype/jackson-datatype-jdk8/2.11.4/jackson-datatype-jdk8-2.11.4.jar:/home/rootadmin/.m2/repository/com/fasterxml/jackson/datatype/jackson-datatype-jsr310/2.11.4/jackson-datatype-jsr310-2.11.4.jar:/home/rootadmin/.m2/repository/com/fasterxml/jackson/module/jackson-module-parameter-names/2.11.4/jackson-module-parameter-names-2.11.4.jar:/home/rootadmin/.m2/repository/org/springframework/boot/spring-boot-starter-tomcat/2.3.12.RELEASE/spring-boot-starter-tomcat-2.3.12.RELEASE.jar:/home/rootadmin/.m2/repository/org/apache/tomcat/embed/tomcat-embed-core/9.0.46/tomcat-embed-core-9.0.46.jar:/home/rootadmin/.m2/repository/org/apache/tomcat/embed/tomcat-embed-websocket/9.0.46/tomcat-embed-websocket-9.0.46.jar:/home/rootadmin/.m2/repository/org/springframework/spring-web/5.2.15.RELEASE/spring-web-5.2.15.RELEASE.jar:/home/rootadmin/.m2/repository/org/springframework/spring-beans/5.2.15.RELEASE/spring-beans-5.2.15.RELEASE.jar:/home/rootadmin/.m2/repository/org/springframework/spring-webmvc/5.2.15.RELEASE/spring-webmvc-5.2.15.RELEASE.jar:/home/rootadmin/.m2/repository/org/springframework/spring-aop/5.2.15.RELEASE/spring-aop-5.2.15.RELEASE.jar:/home/rootadmin/.m2/repository/org/springframework/spring-expression/5.2.15.RELEASE/spring-expression-5.2.15.RELEASE.jar:/home/rootadmin/.m2/repository/org/springframework/boot/spring-boot-starter-validation/2.3.12.RELEASE/spring-boot-starter-validation-2.3.12.RELEASE.jar:/home/rootadmin/.m2/repository/org/glassfish/jakarta.el/3.0.3/jakarta.el-3.0.3.jar:/home/rootadmin/.m2/repository/org/hibernate/validator/hibernate-validator/6.1.7.Final/hibernate-validator-6.1.7.Final.jar:/home/rootadmin/.m2/repository/jakarta/validation/jakarta.validation-api/2.0.2/jakarta.validation-api-2.0.2.jar:/home/rootadmin/.m2/repository/org/jboss/logging/jboss-logging/3.4.2.Final/jboss-logging-3.4.2.Final.jar:/home/rootadmin/.m2/repository/org/springframework/boot/spring-boot-starter-data-jpa/2.3.12.RELEASE/spring-boot-starter-data-jpa-2.3.12.RELEASE.jar:/home/rootadmin/.m2/repository/org/springframework/boot/spring-boot-starter-aop/2.3.12.RELEASE/spring-boot-starter-aop-2.3.12.RELEASE.jar:/home/rootadmin/.m2/repository/org/aspectj/aspectjweaver/1.9.6/aspectjweaver-1.9.6.jar:/home/rootadmin/.m2/repository/org/springframework/boot/spring-boot-starter-jdbc/2.3.12.RELEASE/spring-boot-starter-jdbc-2.3.12.RELEASE.jar:/home/rootadmin/.m2/repository/com/zaxxer/HikariCP/3.4.5/HikariCP-3.4.5.jar:/home/rootadmin/.m2/repository/org/springframework/spring-jdbc/5.2.15.RELEASE/spring-jdbc-5.2.15.RELEASE.jar:/home/rootadmin/.m2/repository/jakarta/transaction/jakarta.transaction-api/1.3.3/jakarta.transaction-api-1.3.3.jar:/home/rootadmin/.m2/repository/jakarta/persistence/jakarta.persistence-api/2.2.3/jakarta.persistence-api-2.2.3.jar:/home/rootadmin/.m2/repository/org/springframework/data/spring-data-jpa/2.3.9.RELEASE/spring-data-jpa-2.3.9.RELEASE.jar:/home/rootadmin/.m2/repository/org/springframework/data/spring-data-commons/2.3.9.RELEASE/spring-data-commons-2.3.9.RELEASE.jar:/home/rootadmin/.m2/repository/org/springframework/spring-orm/5.2.15.RELEASE/spring-orm-5.2.15.RELEASE.jar:/home/rootadmin/.m2/repository/org/springframework/spring-tx/5.2.15.RELEASE/spring-tx-5.2.15.RELEASE.jar:/home/rootadmin/.m2/repository/org/springframework/spring-aspects/5.2.15.RELEASE/spring-aspects-5.2.15.RELEASE.jar:/home/rootadmin/.m2/repository/org/springframework/boot/spring-boot-starter-test/2.3.12.RELEASE/spring-boot-starter-test-2.3.12.RELEASE.jar:/home/rootadmin/.m2/repository/org/springframework/boot/spring-boot-test/2.3.12.RELEASE/spring-boot-test-2.3.12.RELEASE.jar:/home/rootadmin/.m2/repository/org/springframework/boot/spring-boot-test-autoconfigure/2.3.12.RELEASE/spring-boot-test-autoconfigure-2.3.12.RELEASE.jar:/home/rootadmin/.m2/repository/com/jayway/jsonpath/json-path/2.4.0/json-path-2.4.0.jar:/home/rootadmin/.m2/repository/net/minidev/json-smart/2.3.1/json-smart-2.3.1.jar:/home/rootadmin/.m2/repository/net/minidev/accessors-smart/2.3.1/accessors-smart-2.3.1.jar:/home/rootadmin/.m2/repository/org/ow2/asm/asm/5.0.4/asm-5.0.4.jar:/home/rootadmin/.m2/repository/jakarta/xml/bind/jakarta.xml.bind-api/2.3.3/jakarta.xml.bind-api-2.3.3.jar:/home/rootadmin/.m2/repository/jakarta/activation/jakarta.activation-api/1.2.2/jakarta.activation-api-1.2.2.jar:/home/rootadmin/.m2/repository/org/assertj/assertj-core/3.16.1/assertj-core-3.16.1.jar:/home/rootadmin/.m2/repository/org/hamcrest/hamcrest/2.2/hamcrest-2.2.jar:/home/rootadmin/.m2/repository/org/junit/jupiter/junit-jupiter/5.6.3/junit-jupiter-5.6.3.jar:/home/rootadmin/.m2/repository/org/junit/jupiter/junit-jupiter-api/5.6.3/junit-jupiter-api-5.6.3.jar:/home/rootadmin/.m2/repository/org/opentest4j/opentest4j/1.2.0/opentest4j-1.2.0.jar:/home/rootadmin/.m2/repository/org/junit/platform/junit-platform-commons/1.6.3/junit-platform-commons-1.6.3.jar:/home/rootadmin/.m2/repository/org/junit/jupiter/junit-jupiter-params/5.6.3/junit-jupiter-params-5.6.3.jar:/home/rootadmin/.m2/repository/org/junit/jupiter/junit-jupiter-engine/5.6.3/junit-jupiter-engine-5.6.3.jar:/home/rootadmin/.m2/repository/org/junit/vintage/junit-vintage-engine/5.6.3/junit-vintage-engine-5.6.3.jar:/home/rootadmin/.m2/repository/org/apiguardian/apiguardian-api/1.1.0/apiguardian-api-1.1.0.jar:/home/rootadmin/.m2/repository/org/junit/platform/junit-platform-engine/1.6.3/junit-platform-engine-1.6.3.jar:/home/rootadmin/.m2/repository/junit/junit/4.13.2/junit-4.13.2.jar:/home/rootadmin/.m2/repository/org/mockito/mockito-junit-jupiter/3.3.3/mockito-junit-jupiter-3.3.3.jar:/home/rootadmin/.m2/repository/org/skyscreamer/jsonassert/1.5.0/jsonassert-1.5.0.jar:/home/rootadmin/.m2/repository/com/vaadin/external/google/android-json/0.0.20131108.vaadin1/android-json-0.0.20131108.vaadin1.jar:/home/rootadmin/.m2/repository/org/springframework/spring-core/5.2.15.RELEASE/spring-core-5.2.15.RELEASE.jar:/home/rootadmin/.m2/repository/org/springframework/spring-jcl/5.2.15.RELEASE/spring-jcl-5.2.15.RELEASE.jar:/home/rootadmin/.m2/repository/org/springframework/spring-test/5.2.15.RELEASE/spring-test-5.2.15.RELEASE.jar:/home/rootadmin/.m2/repository/org/xmlunit/xmlunit-core/2.7.0/xmlunit-core-2.7.0.jar:/home/rootadmin/.m2/repository/org/apache/commons/commons-lang3/3.10/commons-lang3-3.10.jar:/home/rootadmin/.m2/repository/redis/clients/jedis/3.3.0/jedis-3.3.0.jar:/home/rootadmin/.m2/repository/org/slf4j/slf4j-api/1.7.30/slf4j-api-1.7.30.jar:/home/rootadmin/.m2/repository/org/apache/commons/commons-pool2/2.8.1/commons-pool2-2.8.1.jar:/home/rootadmin/.m2/repository/com/ctrip/framework/apollo/apollo-openapi/1.2.0/apollo-openapi-1.2.0.jar:/home/rootadmin/.m2/repository/com/ctrip/framework/apollo/apollo-core/1.2.0/apollo-core-1.2.0.jar:/home/rootadmin/.m2/repository/org/apache/httpcomponents/httpclient/4.5.13/httpclient-4.5.13.jar:/home/rootadmin/.m2/repository/org/slf4j/jcl-over-slf4j/1.7.30/jcl-over-slf4j-1.7.30.jar:/home/rootadmin/.m2/repository/com/alibaba/nacos/nacos-client/2.0.2/nacos-client-2.0.2.jar:/home/rootadmin/.m2/repository/commons-codec/commons-codec/1.14/commons-codec-1.14.jar:/home/rootadmin/.m2/repository/com/fasterxml/jackson/core/jackson-core/2.11.4/jackson-core-2.11.4.jar:/home/rootadmin/.m2/repository/com/fasterxml/jackson/core/jackson-databind/2.11.4/jackson-databind-2.11.4.jar:/home/rootadmin/.m2/repository/com/fasterxml/jackson/core/jackson-annotations/2.11.4/jackson-annotations-2.11.4.jar:/home/rootadmin/.m2/repository/org/apache/httpcomponents/httpasyncclient/4.1.4/httpasyncclient-4.1.4.jar:/home/rootadmin/.m2/repository/org/apache/httpcomponents/httpcore-nio/4.4.14/httpcore-nio-4.4.14.jar:/home/rootadmin/.m2/repository/org/reflections/reflections/0.9.11/reflections-0.9.11.jar:/home/rootadmin/.m2/repository/io/prometheus/simpleclient/0.5.0/simpleclient-0.5.0.jar:/home/rootadmin/.m2/repository/com/google/guava/guava/20.0/guava-20.0.jar:/home/rootadmin/.m2/repository/org/yaml/snakeyaml/1.26/snakeyaml-1.26.jar:/home/rootadmin/.m2/repository/org/apache/dubbo/dubbo/3.0.2.1/dubbo-3.0.2.1.jar:/home/rootadmin/.m2/repository/org/springframework/spring-context/5.2.15.RELEASE/spring-context-5.2.15.RELEASE.jar:/home/rootadmin/.m2/repository/com/alibaba/spring/spring-context-support/1.0.8/spring-context-support-1.0.8.jar:/home/rootadmin/.m2/repository/org/javassist/javassist/3.23.1-GA/javassist-3.23.1-GA.jar:/home/rootadmin/.m2/repository/com/google/code/gson/gson/2.8.7/gson-2.8.7.jar:/home/rootadmin/.m2/repository/org/roaringbitmap/RoaringBitmap/0.9.0/RoaringBitmap-0.9.0.jar:/home/rootadmin/.m2/repository/org/roaringbitmap/shims/0.9.0/shims-0.9.0.jar:/home/rootadmin/.m2/repository/org/apache/curator/curator-framework/4.0.1/curator-framework-4.0.1.jar:/home/rootadmin/.m2/repository/org/apache/curator/curator-client/4.0.1/curator-client-4.0.1.jar:/home/rootadmin/.m2/repository/org/apache/curator/curator-recipes/4.0.1/curator-recipes-4.0.1.jar:/home/rootadmin/.m2/repository/org/apache/curator/curator-x-discovery/4.0.1/curator-x-discovery-4.0.1.jar:/home/rootadmin/.m2/repository/org/codehaus/jackson/jackson-mapper-asl/1.9.13/jackson-mapper-asl-1.9.13.jar:/home/rootadmin/.m2/repository/org/codehaus/jackson/jackson-core-asl/1.9.13/jackson-core-asl-1.9.13.jar:/home/rootadmin/.m2/repository/com/alibaba/fastjson/1.2.67/fastjson-1.2.67.jar:/home/rootadmin/.m2/repository/org/apache/curator/curator-test/2.12.0/curator-test-2.12.0.jar:/home/rootadmin/.m2/repository/com/ecwid/consul/consul-api/1.4.2/consul-api-1.4.2.jar:/home/rootadmin/.m2/repository/org/apache/httpcomponents/httpcore/4.4.14/httpcore-4.4.14.jar:/home/rootadmin/.m2/repository/com/pszymczyk/consul/embedded-consul/2.0.0/embedded-consul-2.0.0.jar:/home/rootadmin/.m2/repository/org/codehaus/groovy/groovy-all/2.4.7/groovy-all-2.4.7.jar:/home/rootadmin/.m2/repository/org/apache/ant/ant/1.9.4/ant-1.9.4.jar:/home/rootadmin/.m2/repository/org/apache/ant/ant-launcher/1.9.4/ant-launcher-1.9.4.jar:/home/rootadmin/.m2/repository/org/codehaus/groovy/modules/http-builder/http-builder/0.7.1/http-builder-0.7.1.jar:/home/rootadmin/.m2/repository/net/sf/json-lib/json-lib/2.3/json-lib-2.3-jdk15.jar:/home/rootadmin/.m2/repository/commons-beanutils/commons-beanutils/1.8.0/commons-beanutils-1.8.0.jar:/home/rootadmin/.m2/repository/commons-collections/commons-collections/3.2.1/commons-collections-3.2.1.jar:/home/rootadmin/.m2/repository/commons-lang/commons-lang/2.4/commons-lang-2.4.jar:/home/rootadmin/.m2/repository/commons-logging/commons-logging/1.2/commons-logging-1.2.jar:/home/rootadmin/.m2/repository/net/sf/ezmorph/ezmorph/1.0.6/ezmorph-1.0.6.jar:/home/rootadmin/.m2/repository/net/sourceforge/nekohtml/nekohtml/1.9.22/nekohtml-1.9.22.jar:/home/rootadmin/.m2/repository/xerces/xercesImpl/2.11.0/xercesImpl-2.11.0.jar:/home/rootadmin/.m2/repository/xml-apis/xml-apis/1.4.01/xml-apis-1.4.01.jar:/home/rootadmin/.m2/repository/xml-resolver/xml-resolver/1.2/xml-resolver-1.2.jar:/home/rootadmin/.m2/repository/io/springfox/springfox-swagger2/2.9.2/springfox-swagger2-2.9.2.jar:/home/rootadmin/.m2/repository/io/swagger/swagger-annotations/1.5.24/swagger-annotations-1.5.24.jar:/home/rootadmin/.m2/repository/io/swagger/swagger-models/1.5.20/swagger-models-1.5.20.jar:/home/rootadmin/.m2/repository/io/springfox/springfox-spi/2.9.2/springfox-spi-2.9.2.jar:/home/rootadmin/.m2/repository/io/springfox/springfox-core/2.9.2/springfox-core-2.9.2.jar:/home/rootadmin/.m2/repository/io/springfox/springfox-schema/2.9.2/springfox-schema-2.9.2.jar:/home/rootadmin/.m2/repository/io/springfox/springfox-swagger-common/2.9.2/springfox-swagger-common-2.9.2.jar:/home/rootadmin/.m2/repository/io/springfox/springfox-spring-web/2.9.2/springfox-spring-web-2.9.2.jar:/home/rootadmin/.m2/repository/com/fasterxml/classmate/1.5.1/classmate-1.5.1.jar:/home/rootadmin/.m2/repository/org/springframework/plugin/spring-plugin-core/1.2.0.RELEASE/spring-plugin-core-1.2.0.RELEASE.jar:/home/rootadmin/.m2/repository/org/springframework/plugin/spring-plugin-metadata/1.2.0.RELEASE/spring-plugin-metadata-1.2.0.RELEASE.jar:/home/rootadmin/.m2/repository/org/mapstruct/mapstruct/1.2.0.Final/mapstruct-1.2.0.Final.jar:/home/rootadmin/.m2/repository/io/springfox/springfox-swagger-ui/2.9.2/springfox-swagger-ui-2.9.2.jar:/home/rootadmin/.m2/repository/io/netty/netty-all/4.1.65.Final/netty-all-4.1.65.Final.jar:/home/rootadmin/.m2/repository/org/mockito/mockito-core/2.23.4/mockito-core-2.23.4.jar:/home/rootadmin/.m2/repository/net/bytebuddy/byte-buddy/1.10.22/byte-buddy-1.10.22.jar:/home/rootadmin/.m2/repository/net/bytebuddy/byte-buddy-agent/1.10.22/byte-buddy-agent-1.10.22.jar:/home/rootadmin/.m2/repository/org/objenesis/objenesis/2.6/objenesis-2.6.jar:/home/rootadmin/.m2/repository/org/apache/zookeeper/zookeeper/3.4.13/zookeeper-3.4.13.jar:/home/rootadmin/.m2/repository/org/slf4j/slf4j-log4j12/1.7.30/slf4j-log4j12-1.7.30.jar:/home/rootadmin/.m2/repository/log4j/log4j/1.2.16/log4j-1.2.16.jar:/home/rootadmin/.m2/repository/jline/jline/0.9.94/jline-0.9.94.jar:/home/rootadmin/.m2/repository/org/apache/yetus/audience-annotations/0.5.0/audience-annotations-0.5.0.jar:/home/rootadmin/.m2/repository/com/auth0/java-jwt/3.4.1/java-jwt-3.4.1.jar:/home/rootadmin/.m2/repository/io/jsonwebtoken/jjwt/0.6.0/jjwt-0.6.0.jar:/home/rootadmin/.m2/repository/org/apache/dubbo/extensions/dubbo-mock-api/3.0.0/dubbo-mock-api-3.0.0.jar:/home/rootadmin/.m2/repository/com/baomidou/mybatis-plus-boot-starter/3.4.2/mybatis-plus-boot-starter-3.4.2.jar:/home/rootadmin/.m2/repository/com/baomidou/mybatis-plus/3.4.2/mybatis-plus-3.4.2.jar:/home/rootadmin/.m2/repository/com/baomidou/mybatis-plus-extension/3.4.2/mybatis-plus-extension-3.4.2.jar:/home/rootadmin/.m2/repository/com/baomidou/mybatis-plus-core/3.4.2/mybatis-plus-core-3.4.2.jar:/home/rootadmin/.m2/repository/com/baomidou/mybatis-plus-annotation/3.4.2/mybatis-plus-annotation-3.4.2.jar:/home/rootadmin/.m2/repository/com/github/jsqlparser/jsqlparser/4.0/jsqlparser-4.0.jar:/home/rootadmin/.m2/repository/org/mybatis/mybatis/3.5.6/mybatis-3.5.6.jar:/home/rootadmin/.m2/repository/org/mybatis/mybatis-spring/2.0.5/mybatis-spring-2.0.5.jar:/home/rootadmin/.m2/repository/org/springframework/boot/spring-boot-autoconfigure/2.3.12.RELEASE/spring-boot-autoconfigure-2.3.12.RELEASE.jar:/home/rootadmin/.m2/repository/com/h2database/h2/1.4.200/h2-1.4.200.jar:"/>
    <property name="test" value="UrlUtilsTest#testParamsMapToString"/>
    <property name="nondexExecid" value="mPECDIlQU61bblhqLuzCJZ1xJRy5dmnJCzwquXZnVic="/>
    <property name="sun.cpu.endian" value="little"/>
    <property name="user.home" value="/home/rootadmin"/>
    <property name="user.language" value="en"/>
    <property name="java.specification.vendor" value="Oracle Corporation"/>
    <property name="java.home" value="/usr/lib/jvm/java-8-openjdk-amd64/jre"/>
    <property name="basedir" value="/home/rootadmin/dubbo-admin/dubbo-admin-server"/>
    <property name="file.separator" value="/"/>
    <property name="line.separator" value="&#10;"/>
    <property name="nondexEnd" value="9223372036854775807"/>
    <property name="java.specification.name" value="Java Platform API Specification"/>
    <property name="java.vm.specification.vendor" value="Oracle Corporation"/>
    <property name="java.awt.graphicsenv" value="sun.awt.X11GraphicsEnvironment"/>
    <property name="nondexFilter" value=".*"/>
    <property name="nondexSeed" value="1098954"/>
    <property name="surefire.real.class.path" value="/home/rootadmin/dubbo-admin/dubbo-admin-server/target/surefire/surefirebooter8946554655638437117.jar"/>
    <property name="sun.boot.class.path" value="/home/rootadmin/dubbo-admin/dubbo-admin-server/.nondex/nondex-instr.jar:/home/rootadmin/.m2/repository/edu/illinois/nondex-common/1.1.2/nondex-common-1.1.2.jar:/home/rootadmin/.m2/repository/edu/illinois/nondex-annotations/1.1.2/nondex-annotations-1.1.2.jar:/usr/lib/jvm/java-8-openjdk-amd64/jre/lib/resources.jar:/usr/lib/jvm/java-8-openjdk-amd64/jre/lib/rt.jar:/usr/lib/jvm/java-8-openjdk-amd64/jre/lib/sunrsasign.jar:/usr/lib/jvm/java-8-openjdk-amd64/jre/lib/jsse.jar:/usr/lib/jvm/java-8-openjdk-amd64/jre/lib/jce.jar:/usr/lib/jvm/java-8-openjdk-amd64/jre/lib/charsets.jar:/usr/lib/jvm/java-8-openjdk-amd64/jre/lib/jfr.jar:/usr/lib/jvm/java-8-openjdk-amd64/jre/classes"/>
    <property name="sun.management.compiler" value="HotSpot 64-Bit Tiered Compilers"/>
    <property name="java.runtime.version" value="1.8.0_312-8u312-b07-0ubuntu1~20.04-b07"/>
    <property name="user.name" value="rootadmin"/>
    <property name="path.separator" value=":"/>
    <property name="os.version" value="5.13.0-1017-azure"/>
    <property name="java.endorsed.dirs" value="/usr/lib/jvm/java-8-openjdk-amd64/jre/lib/endorsed"/>
    <property name="java.runtime.name" value="OpenJDK Runtime Environment"/>
    <property name="file.encoding" value="UTF-8"/>
    <property name="java.vm.name" value="OpenJDK 64-Bit Server VM"/>
    <property name="localRepository" value="/home/rootadmin/.m2/repository"/>
    <property name="nondexDir" value="/home/rootadmin/dubbo-admin/dubbo-admin-server/.nondex"/>
    <property name="nondexJarDir" value="/home/rootadmin/dubbo-admin/dubbo-admin-server/.nondex"/>
    <property name="java.vendor.url.bug" value="http://bugreport.sun.com/bugreport/"/>
    <property name="java.io.tmpdir" value="/tmp"/>
    <property name="java.version" value="1.8.0_312"/>
    <property name="user.dir" value="/home/rootadmin/dubbo-admin/dubbo-admin-server"/>
    <property name="os.arch" value="amd64"/>
    <property name="nondexMode" value="ONE"/>
    <property name="java.vm.specification.name" value="Java Virtual Machine Specification"/>
    <property name="java.awt.printerjob" value="sun.print.PSPrinterJob"/>
    <property name="sun.os.patch.level" value="unknown"/>
    <property name="java.library.path" value="/usr/java/packages/lib/amd64:/usr/lib/x86_64-linux-gnu/jni:/lib/x86_64-linux-gnu:/usr/lib/x86_64-linux-gnu:/usr/lib/jni:/lib:/usr/lib"/>
    <property name="java.vm.info" value="mixed mode"/>
    <property name="java.vendor" value="Private Build"/>
    <property name="java.vm.version" value="25.312-b07"/>
    <property name="sun.io.unicode.encoding" value="UnicodeLittle"/>
    <property name="java.ext.dirs" value="/usr/lib/jvm/java-8-openjdk-amd64/jre/lib/ext:/usr/java/packages/lib/ext"/>
    <property name="java.class.version" value="52.0"/>
  </properties>
  <testcase name="testParamsMapToString" classname="org.apache.dubbo.admin.common.util.UrlUtilsTest" time="0.004"/>
</testsuite>